<?xml version="1.0" encoding="UTF-8"?>
<testng-results ignored="1" total="2" passed="1" failed="0" skipped="0">
  <reporter-output>
  </reporter-output>
  <suite started-at="2023-08-07T23:38:18 IST" name="Default Suite" finished-at="2023-08-07T23:38:26 IST" duration-ms="8449">
    <groups>
    </groups>
    <test started-at="2023-08-07T23:38:18 IST" name="untitled3" finished-at="2023-08-07T23:38:26 IST" duration-ms="8449">
      <class name="chrome.googletest">
        <test-method is-config="true" signature="setUp()[pri:0, instance:chrome.googletest@163e4e87]" started-at="2023-08-07T23:38:18 IST" name="setUp" finished-at="2023-08-07T23:38:25 IST" duration-ms="7394" status="PASS">
          <reporter-output>
          </reporter-output>
        </test-method> <!-- setUp -->
        <test-method signature="googleTitleTest()[pri:1, instance:chrome.googletest@163e4e87]" started-at="2023-08-07T23:38:25 IST" name="googleTitleTest" finished-at="2023-08-07T23:38:25 IST" duration-ms="20" status="PASS">
          <reporter-output>
          </reporter-output>
        </test-method> <!-- googleTitleTest -->
        <test-method is-config="true" signature="tearDown()[pri:0, instance:chrome.googletest@163e4e87]" started-at="2023-08-07T23:38:25 IST" name="tearDown" finished-at="2023-08-07T23:38:26 IST" duration-ms="940" status="PASS">
          <reporter-output>
          </reporter-output>
        </test-method> <!-- tearDown -->
      </class> <!-- chrome.googletest -->
    </test> <!-- untitled3 -->
  </suite> <!-- Default Suite -->
</testng-results>
